<?xml version="1.0" encoding="UTF-8"?>
<testsuite name="com.book.springwithaws.web.PostApiControllerTest" tests="2" skipped="0" failures="0" errors="0" timestamp="2021-07-13T02:01:45" hostname="DESKTOP-RLR50TB" time="0.701">
  <properties/>
  <testcase name="Posts_등록된다" classname="com.book.springwithaws.web.PostApiControllerTest" time="0.645"/>
  <testcase name="Posts_수정된다" classname="com.book.springwithaws.web.PostApiControllerTest" time="0.054"/>
  <system-out><![CDATA[2021-07-13 11:01:45.266  INFO 9008 --- [    Test worker] .b.t.c.SpringBootTestContextBootstrapper : Neither @ContextConfiguration nor @ContextHierarchy found for test class [com.book.springwithaws.web.PostApiControllerTest], using SpringBootContextLoader
2021-07-13 11:01:45.268  INFO 9008 --- [    Test worker] o.s.t.c.support.AbstractContextLoader    : Could not detect default resource locations for test class [com.book.springwithaws.web.PostApiControllerTest]: no resource found for suffixes {-context.xml, Context.groovy}.
2021-07-13 11:01:45.268  INFO 9008 --- [    Test worker] t.c.s.AnnotationConfigContextLoaderUtils : Could not detect default configuration classes for test class [com.book.springwithaws.web.PostApiControllerTest]: PostApiControllerTest does not declare any static, non-private, non-final, nested classes annotated with @Configuration.
2021-07-13 11:01:45.273  INFO 9008 --- [    Test worker] .b.t.c.SpringBootTestContextBootstrapper : Found @SpringBootConfiguration com.book.springwithaws.SpringWithAwsApplication for test class com.book.springwithaws.web.PostApiControllerTest
2021-07-13 11:01:45.277  INFO 9008 --- [    Test worker] .b.t.c.SpringBootTestContextBootstrapper : Loaded default TestExecutionListener class names from location [META-INF/spring.factories]: [org.springframework.security.test.context.support.WithSecurityContextTestExecutionListener, org.springframework.security.test.context.support.ReactorContextTestExecutionListener, org.springframework.boot.test.autoconfigure.restdocs.RestDocsTestExecutionListener, org.springframework.boot.test.autoconfigure.web.client.MockRestServiceServerResetTestExecutionListener, org.springframework.boot.test.autoconfigure.web.servlet.MockMvcPrintOnlyOnFailureTestExecutionListener, org.springframework.boot.test.autoconfigure.web.servlet.WebDriverTestExecutionListener, org.springframework.boot.test.autoconfigure.webservices.client.MockWebServiceServerTestExecutionListener, org.springframework.boot.test.mock.mockito.MockitoTestExecutionListener, org.springframework.boot.test.mock.mockito.ResetMocksTestExecutionListener, org.springframework.test.context.web.ServletTestExecutionListener, org.springframework.test.context.support.DirtiesContextBeforeModesTestExecutionListener, org.springframework.test.context.event.ApplicationEventsTestExecutionListener, org.springframework.test.context.support.DependencyInjectionTestExecutionListener, org.springframework.test.context.support.DirtiesContextTestExecutionListener, org.springframework.test.context.transaction.TransactionalTestExecutionListener, org.springframework.test.context.jdbc.SqlScriptsTestExecutionListener, org.springframework.test.context.event.EventPublishingTestExecutionListener]
2021-07-13 11:01:45.279  INFO 9008 --- [    Test worker] .b.t.c.SpringBootTestContextBootstrapper : Using TestExecutionListeners: [org.springframework.test.context.web.ServletTestExecutionListener@5761cabf, org.springframework.test.context.support.DirtiesContextBeforeModesTestExecutionListener@6aac2912, org.springframework.test.context.event.ApplicationEventsTestExecutionListener@8fecf25, org.springframework.boot.test.mock.mockito.MockitoTestExecutionListener@7ec71f65, org.springframework.boot.test.autoconfigure.SpringBootDependencyInjectionTestExecutionListener@272a1630, org.springframework.test.context.support.DirtiesContextTestExecutionListener@2cc55f7e, org.springframework.test.context.transaction.TransactionalTestExecutionListener@523c2a24, org.springframework.test.context.jdbc.SqlScriptsTestExecutionListener@14463b31, org.springframework.security.test.context.support.WithSecurityContextTestExecutionListener@632a241f, org.springframework.test.context.event.EventPublishingTestExecutionListener@6592b9ab, org.springframework.security.test.context.support.ReactorContextTestExecutionListener@56ccc237, org.springframework.boot.test.autoconfigure.restdocs.RestDocsTestExecutionListener@73f6f46c, org.springframework.boot.test.autoconfigure.web.client.MockRestServiceServerResetTestExecutionListener@41ce2cd1, org.springframework.boot.test.autoconfigure.web.servlet.MockMvcPrintOnlyOnFailureTestExecutionListener@31e19aa2, org.springframework.boot.test.autoconfigure.web.servlet.WebDriverTestExecutionListener@18c3bd3, org.springframework.boot.test.autoconfigure.webservices.client.MockWebServiceServerTestExecutionListener@451dea1a, org.springframework.boot.test.mock.mockito.ResetMocksTestExecutionListener@7585eecc]
2021-07-13 11:01:45.328  INFO 9008 --- [    Test worker] o.a.c.c.C.[Tomcat].[localhost].[/]       : Initializing Spring TestDispatcherServlet ''
2021-07-13 11:01:45.328  INFO 9008 --- [    Test worker] o.s.t.web.servlet.TestDispatcherServlet  : Initializing Servlet ''
2021-07-13 11:01:45.330  INFO 9008 --- [    Test worker] o.s.t.web.servlet.TestDispatcherServlet  : Completed initialization in 2 ms
Hibernate: 
    insert 
    into
        posts
        (create_date, modified_date, author, content, title) 
    values
        (?, ?, ?, ?, ?)
Hibernate: 
    select
        posts0_.id as id1_0_,
        posts0_.create_date as create_d2_0_,
        posts0_.modified_date as modified3_0_,
        posts0_.author as author4_0_,
        posts0_.content as content5_0_,
        posts0_.title as title6_0_ 
    from
        posts posts0_
Hibernate: 
    select
        posts0_.id as id1_0_,
        posts0_.create_date as create_d2_0_,
        posts0_.modified_date as modified3_0_,
        posts0_.author as author4_0_,
        posts0_.content as content5_0_,
        posts0_.title as title6_0_ 
    from
        posts posts0_
Hibernate: 
    delete 
    from
        posts 
    where
        id=?
2021-07-13 11:01:45.937  INFO 9008 --- [    Test worker] o.a.c.c.C.[Tomcat].[localhost].[/]       : Initializing Spring TestDispatcherServlet ''
2021-07-13 11:01:45.937  INFO 9008 --- [    Test worker] o.s.t.web.servlet.TestDispatcherServlet  : Initializing Servlet ''
2021-07-13 11:01:45.938  INFO 9008 --- [    Test worker] o.s.t.web.servlet.TestDispatcherServlet  : Completed initialization in 1 ms
Hibernate: 
    insert 
    into
        posts
        (create_date, modified_date, author, content, title) 
    values
        (?, ?, ?, ?, ?)
Hibernate: 
    select
        posts0_.id as id1_0_0_,
        posts0_.create_date as create_d2_0_0_,
        posts0_.modified_date as modified3_0_0_,
        posts0_.author as author4_0_0_,
        posts0_.content as content5_0_0_,
        posts0_.title as title6_0_0_ 
    from
        posts posts0_ 
    where
        posts0_.id=?
Hibernate: 
    update
        posts 
    set
        create_date=?,
        modified_date=?,
        author=?,
        content=?,
        title=? 
    where
        id=?
Hibernate: 
    select
        posts0_.id as id1_0_,
        posts0_.create_date as create_d2_0_,
        posts0_.modified_date as modified3_0_,
        posts0_.author as author4_0_,
        posts0_.content as content5_0_,
        posts0_.title as title6_0_ 
    from
        posts posts0_
Hibernate: 
    select
        posts0_.id as id1_0_,
        posts0_.create_date as create_d2_0_,
        posts0_.modified_date as modified3_0_,
        posts0_.author as author4_0_,
        posts0_.content as content5_0_,
        posts0_.title as title6_0_ 
    from
        posts posts0_
Hibernate: 
    delete 
    from
        posts 
    where
        id=?
]]></system-out>
  <system-err><![CDATA[]]></system-err>
</testsuite>
