<?xml version="1.0" encoding="UTF-8"?>
<testsuite name="com.book.springwithaws.web.dto.HelloResponseDtoTest" tests="1" skipped="0" failures="0" errors="0" timestamp="2021-07-12T04:42:18" hostname="DESKTOP-RLR50TB" time="0.007">
  <properties/>
  <testcase name="test" classname="com.book.springwithaws.web.dto.HelloResponseDtoTest" time="0.007"/>
  <system-out><![CDATA[]]></system-out>
  <system-err><![CDATA[]]></system-err>
</testsuite>
